<?xml version="1.0" encoding="UTF-8"?>
<!-- Generated by org.testng.reporters.JUnitXMLReporter -->
<testsuite ignored="39" hostname="LAPTOP-FKDPNV7C" failures="0" tests="1" name="Default test" time="7.137" errors="0" timestamp="2023-01-06T15:57:59 IST">
  <testcase classname="spotify.Automation.Spotify_Api" name="search2" time="7.034"/>
  <testcase classname="spotify.Automation.Spotify_Api" name="getPlaylistItems" time="0.0">
    <ignored/>
  </testcase> <!-- getPlaylistItems -->
  <testcase classname="spotify.Automation.Spotify_Api" name="getSeveralBrowseCategory" time="0.0">
    <ignored/>
  </testcase> <!-- getSeveralBrowseCategory -->
  <testcase classname="spotify.Automation.Spotify_Api" name="getArtistsRelatedArtists" time="0.0">
    <ignored/>
  </testcase> <!-- getArtistsRelatedArtists -->
  <testcase classname="spotify.Automation.Spotify_Api" name="getArtistsAlbums" time="0.0">
    <ignored/>
  </testcase> <!-- getArtistsAlbums -->
  <testcase classname="spotify.Automation.Spotify_Api" name="getUserPlaylist" time="0.0">
    <ignored/>
  </testcase> <!-- getUserPlaylist -->
  <testcase classname="spotify.Automation.Spotify_Api" name="getCurrentUserPlaylist" time="0.0">
    <ignored/>
  </testcase> <!-- getCurrentUserPlaylist -->
  <testcase classname="spotify.Automation.Spotify_Api" name="getSeveralAudiobooks" time="0.0">
    <ignored/>
  </testcase> <!-- getSeveralAudiobooks -->
  <testcase classname="spotify.Automation.Spotify_Api" name="getRecommendations" time="0.0">
    <ignored/>
  </testcase> <!-- getRecommendations -->
  <testcase classname="spotify.Automation.Spotify_Api" name="getSeveralArtists" time="0.0">
    <ignored/>
  </testcase> <!-- getSeveralArtists -->
  <testcase classname="spotify.Automation.Spotify_Api" name="getPlaylistCoverImage" time="0.0">
    <ignored/>
  </testcase> <!-- getPlaylistCoverImage -->
  <testcase classname="spotify.Automation.Spotify_Api" name="getShowEpisodes" time="0.0">
    <ignored/>
  </testcase> <!-- getShowEpisodes -->
  <testcase classname="spotify.Automation.Spotify_Api" name="getSeveralShows" time="0.0">
    <ignored/>
  </testcase> <!-- getSeveralShows -->
  <testcase classname="spotify.Automation.Spotify_Api" name="getaAnAudiobooks" time="0.0">
    <ignored/>
  </testcase> <!-- getaAnAudiobooks -->
  <testcase classname="spotify.Automation.Spotify_Api" name="getArtistsTopTracks" time="0.0">
    <ignored/>
  </testcase> <!-- getArtistsTopTracks -->
  <testcase classname="spotify.Automation.Spotify_Api" name="getCategoryPlaylists" time="0.0">
    <ignored/>
  </testcase> <!-- getCategoryPlaylists -->
  <testcase classname="spotify.Automation.Spotify_Api" name="getTrackAudiofeatureId" time="0.0">
    <ignored/>
  </testcase> <!-- getTrackAudiofeatureId -->
  <testcase classname="spotify.Automation.Spotify_Api" name="currentUserId" time="0.0">
    <ignored/>
  </testcase> <!-- currentUserId -->
  <testcase classname="spotify.Automation.Spotify_Api" name="getseveralTrack" time="0.0">
    <ignored/>
  </testcase> <!-- getseveralTrack -->
  <testcase classname="spotify.Automation.Spotify_Api" name="getEpisodes" time="0.0">
    <ignored/>
  </testcase> <!-- getEpisodes -->
  <testcase classname="spotify.Automation.Spotify_Api" name="getAlbums" time="0.0">
    <ignored/>
  </testcase> <!-- getAlbums -->
  <testcase classname="spotify.Automation.Spotify_Api" name="getSeveralAlbums" time="0.0">
    <ignored/>
  </testcase> <!-- getSeveralAlbums -->
  <testcase classname="spotify.Automation.Spotify_Api" name="getFeaturedPlaylists" time="0.0">
    <ignored/>
  </testcase> <!-- getFeaturedPlaylists -->
  <testcase classname="spotify.Automation.Spotify_Api" name="userId" time="0.0">
    <ignored/>
  </testcase> <!-- userId -->
  <testcase classname="spotify.Automation.Spotify_Api" name="createPlaylist" time="0.0">
    <ignored/>
  </testcase> <!-- createPlaylist -->
  <testcase classname="spotify.Automation.Spotify_Api" name="getaAudiobooksChapters" time="0.0">
    <ignored/>
  </testcase> <!-- getaAudiobooksChapters -->
  <testcase classname="spotify.Automation.Spotify_Api" name="getAlbumsTracks" time="0.0">
    <ignored/>
  </testcase> <!-- getAlbumsTracks -->
  <testcase classname="spotify.Automation.Spotify_Api" name="getTrack" time="0.0">
    <ignored/>
  </testcase> <!-- getTrack -->
  <testcase classname="spotify.Automation.Spotify_Api" name="getTrackAudiofeature" time="0.0">
    <ignored/>
  </testcase> <!-- getTrackAudiofeature -->
  <testcase classname="spotify.Automation.Spotify_Api" name="getSeveralEpisodes" time="0.0">
    <ignored/>
  </testcase> <!-- getSeveralEpisodes -->
  <testcase classname="spotify.Automation.Spotify_Api" name="getSeveralChapters" time="0.0">
    <ignored/>
  </testcase> <!-- getSeveralChapters -->
  <testcase classname="spotify.Automation.Spotify_Api" name="CheckifUsersFollowPlaylist" time="0.0">
    <ignored/>
  </testcase> <!-- CheckifUsersFollowPlaylist -->
  <testcase classname="spotify.Automation.Spotify_Api" name="getSingleBrowseCategory" time="0.0">
    <ignored/>
  </testcase> <!-- getSingleBrowseCategory -->
  <testcase classname="spotify.Automation.Spotify_Api" name="getArtists" time="0.0">
    <ignored/>
  </testcase> <!-- getArtists -->
  <testcase classname="spotify.Automation.Spotify_Api" name="getShow" time="0.0">
    <ignored/>
  </testcase> <!-- getShow -->
  <testcase classname="spotify.Automation.Spotify_Api" name="searchForItem" time="0.0">
    <ignored/>
  </testcase> <!-- searchForItem -->
  <testcase classname="spotify.Automation.Spotify_Api" name="getAvailableGenreSeeds" time="0.0">
    <ignored/>
  </testcase> <!-- getAvailableGenreSeeds -->
  <testcase classname="spotify.Automation.Spotify_Api" name="getTrackAudioAnalysis" time="0.0">
    <ignored/>
  </testcase> <!-- getTrackAudioAnalysis -->
  <testcase classname="spotify.Automation.Spotify_Api" name="getNewReleases" time="0.0">
    <ignored/>
  </testcase> <!-- getNewReleases -->
  <testcase classname="spotify.Automation.Spotify_Api" name="getUserProfilePlaylist" time="0.0">
    <ignored/>
  </testcase> <!-- getUserProfilePlaylist -->
</testsuite> <!-- Default test -->
