<?xml version="1.0" encoding="UTF-8"?>
<testng-results ignored="39" total="40" passed="1" failed="0" skipped="0">
  <reporter-output>
  </reporter-output>
  <suite started-at="2023-01-06T15:57:52 IST" name="Default suite" finished-at="2023-01-06T15:57:59 IST" duration-ms="7137">
    <groups>
    </groups>
    <test started-at="2023-01-06T15:57:52 IST" name="Default test" finished-at="2023-01-06T15:57:59 IST" duration-ms="7137">
      <class name="spotify.Automation.Spotify_Api">
        <test-method is-config="true" signature="setup()[pri:0, instance:spotify.Automation.Spotify_Api@34f5090e]" started-at="2023-01-06T15:57:52 IST" name="setup" finished-at="2023-01-06T15:57:52 IST" duration-ms="8" status="PASS">
          <reporter-output>
          </reporter-output>
        </test-method> <!-- setup -->
        <test-method signature="search2()[pri:40, instance:spotify.Automation.Spotify_Api@34f5090e]" started-at="2023-01-06T15:57:52 IST" name="search2" finished-at="2023-01-06T15:57:59 IST" duration-ms="7034" status="PASS">
          <reporter-output>
          </reporter-output>
        </test-method> <!-- search2 -->
      </class> <!-- spotify.Automation.Spotify_Api -->
    </test> <!-- Default test -->
  </suite> <!-- Default suite -->
</testng-results>
